<?xml version="1.0" encoding="UTF-8"?>
<coverage generated="1659892915423" clover="3.2.0">
  <project timestamp="1659892915423" name="All files">
    <metrics statements="56" coveredstatements="52" conditionals="8" coveredconditionals="7" methods="23" coveredmethods="20" elements="87" coveredelements="79" complexity="0" loc="56" ncloc="56" packages="4" files="8" classes="8"/>
    <package name="app">
      <metrics statements="3" coveredstatements="3" conditionals="0" coveredconditionals="0" methods="1" coveredmethods="1"/>
      <file name="hooks.ts" path="/Users/mahalakshmisiva/Documents/Exercise/BringMeister/BM_Coding_Challenge_1/src/app/hooks.ts">
        <metrics statements="2" coveredstatements="2" conditionals="0" coveredconditionals="0" methods="1" coveredmethods="1"/>
        <line num="11" count="14" type="stmt"/>
        <line num="12" count="1" type="stmt"/>
      </file>
      <file name="store.ts" path="/Users/mahalakshmisiva/Documents/Exercise/BringMeister/BM_Coding_Challenge_1/src/app/store.ts">
        <metrics statements="1" coveredstatements="1" conditionals="0" coveredconditionals="0" methods="0" coveredmethods="0"/>
        <line num="8" count="1" type="stmt"/>
      </file>
    </package>
    <package name="features">
      <metrics statements="7" coveredstatements="7" conditionals="0" coveredconditionals="0" methods="2" coveredmethods="2"/>
      <file name="productReducer.ts" path="/Users/mahalakshmisiva/Documents/Exercise/BringMeister/BM_Coding_Challenge_1/src/features/productReducer.ts">
        <metrics statements="7" coveredstatements="7" conditionals="0" coveredconditionals="0" methods="2" coveredmethods="2"/>
        <line num="17" count="1" type="stmt"/>
        <line num="21" count="1" type="stmt"/>
        <line num="26" count="4" type="stmt"/>
        <line num="27" count="4" type="stmt"/>
        <line num="33" count="1" type="stmt"/>
        <line num="34" count="1" type="stmt"/>
        <line num="35" count="7" type="stmt"/>
      </file>
    </package>
    <package name="hooks">
      <metrics statements="12" coveredstatements="11" conditionals="0" coveredconditionals="0" methods="6" coveredmethods="5"/>
      <file name="useGetCart.ts" path="/Users/mahalakshmisiva/Documents/Exercise/BringMeister/BM_Coding_Challenge_1/src/hooks/useGetCart.ts">
        <metrics statements="6" coveredstatements="5" conditionals="0" coveredconditionals="0" methods="3" coveredmethods="2"/>
        <line num="3" count="2" type="stmt"/>
        <line num="174" count="64" type="stmt"/>
        <line num="188" count="64" type="stmt"/>
        <line num="189" count="64" type="stmt"/>
        <line num="190" count="0" type="stmt"/>
        <line num="197" count="64" type="stmt"/>
      </file>
      <file name="useGetProducts.ts" path="/Users/mahalakshmisiva/Documents/Exercise/BringMeister/BM_Coding_Challenge_1/src/hooks/useGetProducts.ts">
        <metrics statements="6" coveredstatements="6" conditionals="0" coveredconditionals="0" methods="3" coveredmethods="3"/>
        <line num="3" count="1" type="stmt"/>
        <line num="7235" count="15" type="stmt"/>
        <line num="7249" count="14" type="stmt"/>
        <line num="7250" count="3" type="stmt"/>
        <line num="7251" count="3" type="stmt"/>
        <line num="7258" count="14" type="stmt"/>
      </file>
    </package>
    <package name="pages">
      <metrics statements="34" coveredstatements="31" conditionals="8" coveredconditionals="7" methods="14" coveredmethods="12"/>
      <file name="LoadingSpinner.tsx" path="/Users/mahalakshmisiva/Documents/Exercise/BringMeister/BM_Coding_Challenge_1/src/pages/LoadingSpinner.tsx">
        <metrics statements="2" coveredstatements="2" conditionals="0" coveredconditionals="0" methods="1" coveredmethods="1"/>
        <line num="5" count="1" type="stmt"/>
        <line num="6" count="11" type="stmt"/>
      </file>
      <file name="Product.tsx" path="/Users/mahalakshmisiva/Documents/Exercise/BringMeister/BM_Coding_Challenge_1/src/pages/Product.tsx">
        <metrics statements="7" coveredstatements="7" conditionals="2" coveredconditionals="2" methods="4" coveredmethods="3"/>
        <line num="7" count="2" type="stmt"/>
        <line num="14" count="64" type="stmt"/>
        <line num="17" count="64" type="stmt"/>
        <line num="18" count="64" type="stmt"/>
        <line num="25" count="64" type="stmt"/>
        <line num="26" count="64" type="cond" truecount="2" falsecount="0"/>
        <line num="29" count="64" type="stmt"/>
      </file>
      <file name="index.tsx" path="/Users/mahalakshmisiva/Documents/Exercise/BringMeister/BM_Coding_Challenge_1/src/pages/index.tsx">
        <metrics statements="25" coveredstatements="22" conditionals="6" coveredconditionals="5" methods="9" coveredmethods="8"/>
        <line num="13" count="1" type="stmt"/>
        <line num="14" count="15" type="stmt"/>
        <line num="15" count="14" type="stmt"/>
        <line num="16" count="14" type="stmt"/>
        <line num="17" count="14" type="stmt"/>
        <line num="18" count="14" type="stmt"/>
        <line num="19" count="14" type="stmt"/>
        <line num="21" count="14" type="stmt"/>
        <line num="22" count="4" type="stmt"/>
        <line num="25" count="14" type="stmt"/>
        <line num="26" count="7" type="stmt"/>
        <line num="27" count="7" type="stmt"/>
        <line num="31" count="14" type="stmt"/>
        <line num="33" count="60" type="cond" truecount="2" falsecount="0"/>
        <line num="40" count="4" type="stmt"/>
        <line num="44" count="14" type="stmt"/>
        <line num="45" count="2" type="cond" truecount="1" falsecount="1"/>
        <line num="46" count="0" type="stmt"/>
        <line num="47" count="0" type="stmt"/>
        <line num="49" count="2" type="stmt"/>
        <line num="50" count="0" type="stmt"/>
        <line num="52" count="2" type="stmt"/>
        <line num="55" count="14" type="stmt"/>
        <line num="73" count="2" type="stmt"/>
        <line num="83" count="60" type="stmt"/>
      </file>
    </package>
  </project>
</coverage>
