{"/Users/mahalakshmisiva/Documents/Exercise/git/bringmeister/src/app/hooks.ts": {"path":"/Users/mahalakshmisiva/Documents/Exercise/git/bringmeister/src/app/hooks.ts","statementMap":{"0":{"start":{"line":11,"column":30},"end":{"line":11,"column":62}},"1":{"start":{"line":11,"column":36},"end":{"line":11,"column":62}},"2":{"start":{"line":12,"column":63},"end":{"line":12,"column":74}}},"fnMap":{"0":{"name":"(anonymous_0)","decl":{"start":{"line":11,"column":30},"end":{"line":11,"column":31}},"loc":{"start":{"line":11,"column":36},"end":{"line":11,"column":62}},"line":11}},"branchMap":{},"s":{"0":1,"1":14,"2":1},"f":{"0":14},"b":{},"_coverageSchema":"1a1c01bbd47fc00a2c39e90264f33305004495a9","hash":"984d6a0211dadebda1061ee30348094d380a2667"}
,"/Users/mahalakshmisiva/Documents/Exercise/git/bringmeister/src/app/store.ts": {"path":"/Users/mahalakshmisiva/Documents/Exercise/git/bringmeister/src/app/store.ts","statementMap":{"0":{"start":{"line":8,"column":21},"end":{"line":12,"column":2}}},"fnMap":{},"branchMap":{},"s":{"0":1},"f":{},"b":{},"_coverageSchema":"1a1c01bbd47fc00a2c39e90264f33305004495a9","hash":"2c27d665e8668fcf90e33e9be9ec5aa9ccb96d51"}
,"/Users/mahalakshmisiva/Documents/Exercise/git/bringmeister/src/components/LoadingSpinner.tsx": {"path":"/Users/mahalakshmisiva/Documents/Exercise/git/bringmeister/src/components/LoadingSpinner.tsx","statementMap":{"0":{"start":{"line":5,"column":23},"end":{"line":21,"column":1}},"1":{"start":{"line":6,"column":4},"end":{"line":20,"column":6}}},"fnMap":{"0":{"name":"(anonymous_0)","decl":{"start":{"line":5,"column":23},"end":{"line":5,"column":24}},"loc":{"start":{"line":5,"column":29},"end":{"line":21,"column":1}},"line":5}},"branchMap":{},"s":{"0":1,"1":11},"f":{"0":11},"b":{},"_coverageSchema":"1a1c01bbd47fc00a2c39e90264f33305004495a9","hash":"c13789bb8f3da6f8dcfb339f6620ad08203712a4"}
,"/Users/mahalakshmisiva/Documents/Exercise/git/bringmeister/src/components/Product.tsx": {"path":"/Users/mahalakshmisiva/Documents/Exercise/git/bringmeister/src/components/Product.tsx","statementMap":{"0":{"start":{"line":7,"column":42},"end":{"line":46,"column":1}},"1":{"start":{"line":14,"column":17},"end":{"line":14,"column":29}},"2":{"start":{"line":17,"column":34},"end":{"line":22,"column":5}},"3":{"start":{"line":18,"column":8},"end":{"line":21,"column":25}},"4":{"start":{"line":25,"column":38},"end":{"line":27,"column":5}},"5":{"start":{"line":26,"column":8},"end":{"line":26,"column":79}},"6":{"start":{"line":26,"column":49},"end":{"line":26,"column":62}},"7":{"start":{"line":29,"column":4},"end":{"line":45,"column":6}}},"fnMap":{"0":{"name":"(anonymous_0)","decl":{"start":{"line":7,"column":42},"end":{"line":7,"column":43}},"loc":{"start":{"line":13,"column":6},"end":{"line":46,"column":1}},"line":13},"1":{"name":"(anonymous_1)","decl":{"start":{"line":17,"column":34},"end":{"line":17,"column":35}},"loc":{"start":{"line":17,"column":53},"end":{"line":22,"column":5}},"line":17},"2":{"name":"(anonymous_2)","decl":{"start":{"line":25,"column":38},"end":{"line":25,"column":39}},"loc":{"start":{"line":25,"column":55},"end":{"line":27,"column":5}},"line":25},"3":{"name":"(anonymous_3)","decl":{"start":{"line":26,"column":42},"end":{"line":26,"column":43}},"loc":{"start":{"line":26,"column":49},"end":{"line":26,"column":62}},"line":26}},"branchMap":{"0":{"loc":{"start":{"line":26,"column":15},"end":{"line":26,"column":78}},"type":"binary-expr","locations":[{"start":{"line":26,"column":15},"end":{"line":26,"column":73}},{"start":{"line":26,"column":77},"end":{"line":26,"column":78}}],"line":26}},"s":{"0":2,"1":64,"2":64,"3":64,"4":64,"5":64,"6":0,"7":64},"f":{"0":64,"1":64,"2":64,"3":0},"b":{"0":[64,64]},"_coverageSchema":"1a1c01bbd47fc00a2c39e90264f33305004495a9","hash":"ef1f32a312429939f2570a8b5230a1cb963c757e"}
,"/Users/mahalakshmisiva/Documents/Exercise/git/bringmeister/src/features/productReducer.ts": {"path":"/Users/mahalakshmisiva/Documents/Exercise/git/bringmeister/src/features/productReducer.ts","statementMap":{"0":{"start":{"line":17,"column":31},"end":{"line":19,"column":1}},"1":{"start":{"line":21,"column":28},"end":{"line":30,"column":2}},"2":{"start":{"line":26,"column":39},"end":{"line":26,"column":53}},"3":{"start":{"line":27,"column":12},"end":{"line":27,"column":49}},"4":{"start":{"line":33,"column":38},"end":{"line":33,"column":58}},"5":{"start":{"line":34,"column":30},"end":{"line":35,"column":32}},"6":{"start":{"line":35,"column":4},"end":{"line":35,"column":32}}},"fnMap":{"0":{"name":"(anonymous_0)","decl":{"start":{"line":25,"column":28},"end":{"line":25,"column":29}},"loc":{"start":{"line":25,"column":72},"end":{"line":28,"column":9}},"line":25},"1":{"name":"(anonymous_1)","decl":{"start":{"line":34,"column":30},"end":{"line":34,"column":31}},"loc":{"start":{"line":35,"column":4},"end":{"line":35,"column":32}},"line":35}},"branchMap":{},"s":{"0":1,"1":1,"2":4,"3":4,"4":1,"5":1,"6":7},"f":{"0":4,"1":7},"b":{},"_coverageSchema":"1a1c01bbd47fc00a2c39e90264f33305004495a9","hash":"44e9c6d4ff75c59bfbfff6c3cca275c65e2a06ac"}
,"/Users/mahalakshmisiva/Documents/Exercise/git/bringmeister/src/hooks/useGetCart.ts": {"path":"/Users/mahalakshmisiva/Documents/Exercise/git/bringmeister/src/hooks/useGetCart.ts","statementMap":{"0":{"start":{"line":3,"column":21},"end":{"line":171,"column":1}},"1":{"start":{"line":174,"column":33},"end":{"line":186,"column":3}},"2":{"start":{"line":188,"column":1},"end":{"line":195,"column":8}},"3":{"start":{"line":189,"column":2},"end":{"line":194,"column":11}},"4":{"start":{"line":190,"column":3},"end":{"line":193,"column":6}},"5":{"start":{"line":197,"column":1},"end":{"line":197,"column":17}}},"fnMap":{"0":{"name":"useGetCart","decl":{"start":{"line":173,"column":9},"end":{"line":173,"column":19}},"loc":{"start":{"line":173,"column":22},"end":{"line":198,"column":1}},"line":173},"1":{"name":"(anonymous_1)","decl":{"start":{"line":188,"column":11},"end":{"line":188,"column":12}},"loc":{"start":{"line":188,"column":17},"end":{"line":195,"column":2}},"line":188},"2":{"name":"(anonymous_2)","decl":{"start":{"line":189,"column":13},"end":{"line":189,"column":14}},"loc":{"start":{"line":189,"column":19},"end":{"line":194,"column":3}},"line":189}},"branchMap":{},"s":{"0":2,"1":64,"2":64,"3":64,"4":0,"5":64},"f":{"0":64,"1":64,"2":0},"b":{},"_coverageSchema":"1a1c01bbd47fc00a2c39e90264f33305004495a9","hash":"aff9345b63f7db0656354705d05e13203256dca2"}
,"/Users/mahalakshmisiva/Documents/Exercise/git/bringmeister/src/hooks/useGetProducts.ts": {"path":"/Users/mahalakshmisiva/Documents/Exercise/git/bringmeister/src/hooks/useGetProducts.ts","statementMap":{"0":{"start":{"line":3,"column":21},"end":{"line":7232,"column":1}},"1":{"start":{"line":7235,"column":33},"end":{"line":7247,"column":3}},"2":{"start":{"line":7249,"column":1},"end":{"line":7256,"column":8}},"3":{"start":{"line":7250,"column":2},"end":{"line":7255,"column":11}},"4":{"start":{"line":7251,"column":3},"end":{"line":7254,"column":6}},"5":{"start":{"line":7258,"column":1},"end":{"line":7258,"column":17}}},"fnMap":{"0":{"name":"useGetProducts","decl":{"start":{"line":7234,"column":9},"end":{"line":7234,"column":23}},"loc":{"start":{"line":7234,"column":26},"end":{"line":7259,"column":1}},"line":7234},"1":{"name":"(anonymous_1)","decl":{"start":{"line":7249,"column":11},"end":{"line":7249,"column":12}},"loc":{"start":{"line":7249,"column":17},"end":{"line":7256,"column":2}},"line":7249},"2":{"name":"(anonymous_2)","decl":{"start":{"line":7250,"column":13},"end":{"line":7250,"column":14}},"loc":{"start":{"line":7250,"column":19},"end":{"line":7255,"column":3}},"line":7250}},"branchMap":{},"s":{"0":1,"1":15,"2":14,"3":3,"4":3,"5":14},"f":{"0":15,"1":3,"2":3},"b":{},"_coverageSchema":"1a1c01bbd47fc00a2c39e90264f33305004495a9","hash":"44a4f4f13972044f6729c5bb3447e060cbd1abea"}
,"/Users/mahalakshmisiva/Documents/Exercise/git/bringmeister/src/pages/index.tsx": {"path":"/Users/mahalakshmisiva/Documents/Exercise/git/bringmeister/src/pages/index.tsx","statementMap":{"0":{"start":{"line":13,"column":23},"end":{"line":96,"column":1}},"1":{"start":{"line":14,"column":25},"end":{"line":14,"column":41}},"2":{"start":{"line":15,"column":28},"end":{"line":15,"column":42}},"3":{"start":{"line":16,"column":19},"end":{"line":16,"column":35}},"4":{"start":{"line":17,"column":28},"end":{"line":17,"column":58}},"5":{"start":{"line":18,"column":48},"end":{"line":18,"column":67}},"6":{"start":{"line":19,"column":36},"end":{"line":19,"column":55}},"7":{"start":{"line":21,"column":4},"end":{"line":23,"column":22}},"8":{"start":{"line":22,"column":8},"end":{"line":22,"column":28}},"9":{"start":{"line":25,"column":4},"end":{"line":28,"column":28}},"10":{"start":{"line":26,"column":8},"end":{"line":26,"column":39}},"11":{"start":{"line":27,"column":8},"end":{"line":27,"column":45}},"12":{"start":{"line":31,"column":30},"end":{"line":41,"column":5}},"13":{"start":{"line":33,"column":12},"end":{"line":39,"column":29}},"14":{"start":{"line":33,"column":37},"end":{"line":39,"column":13}},"15":{"start":{"line":40,"column":8},"end":{"line":40,"column":62}},"16":{"start":{"line":44,"column":28},"end":{"line":53,"column":5}},"17":{"start":{"line":45,"column":8},"end":{"line":48,"column":9}},"18":{"start":{"line":46,"column":12},"end":{"line":46,"column":34}},"19":{"start":{"line":47,"column":12},"end":{"line":47,"column":19}},"20":{"start":{"line":49,"column":16},"end":{"line":51,"column":9}},"21":{"start":{"line":50,"column":12},"end":{"line":50,"column":62}},"22":{"start":{"line":52,"column":8},"end":{"line":52,"column":29}},"23":{"start":{"line":55,"column":4},"end":{"line":95,"column":6}},"24":{"start":{"line":73,"column":41},"end":{"line":73,"column":72}},"25":{"start":{"line":83,"column":28},"end":{"line":89,"column":30}}},"fnMap":{"0":{"name":"(anonymous_0)","decl":{"start":{"line":13,"column":23},"end":{"line":13,"column":24}},"loc":{"start":{"line":13,"column":29},"end":{"line":96,"column":1}},"line":13},"1":{"name":"(anonymous_1)","decl":{"start":{"line":21,"column":14},"end":{"line":21,"column":15}},"loc":{"start":{"line":21,"column":20},"end":{"line":23,"column":5}},"line":21},"2":{"name":"(anonymous_2)","decl":{"start":{"line":25,"column":14},"end":{"line":25,"column":15}},"loc":{"start":{"line":25,"column":20},"end":{"line":28,"column":5}},"line":25},"3":{"name":"(anonymous_3)","decl":{"start":{"line":31,"column":30},"end":{"line":31,"column":31}},"loc":{"start":{"line":31,"column":36},"end":{"line":41,"column":5}},"line":31},"4":{"name":"(anonymous_4)","decl":{"start":{"line":33,"column":29},"end":{"line":33,"column":30}},"loc":{"start":{"line":33,"column":37},"end":{"line":39,"column":13}},"line":33},"5":{"name":"(anonymous_5)","decl":{"start":{"line":44,"column":28},"end":{"line":44,"column":29}},"loc":{"start":{"line":44,"column":46},"end":{"line":53,"column":5}},"line":44},"6":{"name":"(anonymous_6)","decl":{"start":{"line":49,"column":32},"end":{"line":49,"column":33}},"loc":{"start":{"line":50,"column":12},"end":{"line":50,"column":62}},"line":50},"7":{"name":"(anonymous_7)","decl":{"start":{"line":73,"column":34},"end":{"line":73,"column":35}},"loc":{"start":{"line":73,"column":41},"end":{"line":73,"column":72}},"line":73},"8":{"name":"(anonymous_8)","decl":{"start":{"line":82,"column":44},"end":{"line":82,"column":45}},"loc":{"start":{"line":83,"column":28},"end":{"line":89,"column":30}},"line":83}},"branchMap":{"0":{"loc":{"start":{"line":33,"column":12},"end":{"line":39,"column":29}},"type":"binary-expr","locations":[{"start":{"line":33,"column":13},"end":{"line":39,"column":22}},{"start":{"line":39,"column":27},"end":{"line":39,"column":29}}],"line":33},"1":{"loc":{"start":{"line":45,"column":8},"end":{"line":48,"column":9}},"type":"if","locations":[{"start":{"line":45,"column":8},"end":{"line":48,"column":9}},{"start":{},"end":{}}],"line":45},"2":{"loc":{"start":{"line":79,"column":21},"end":{"line":91,"column":21}},"type":"cond-expr","locations":[{"start":{"line":80,"column":24},"end":{"line":80,"column":43}},{"start":{"line":82,"column":24},"end":{"line":90,"column":26}}],"line":79}},"s":{"0":1,"1":15,"2":14,"3":14,"4":14,"5":14,"6":14,"7":14,"8":4,"9":14,"10":7,"11":7,"12":14,"13":4,"14":60,"15":4,"16":14,"17":2,"18":0,"19":0,"20":2,"21":0,"22":2,"23":14,"24":2,"25":60},"f":{"0":15,"1":4,"2":7,"3":4,"4":60,"5":2,"6":0,"7":2,"8":60},"b":{"0":[4,3],"1":[0,2],"2":[11,3]},"_coverageSchema":"1a1c01bbd47fc00a2c39e90264f33305004495a9","hash":"ed9ca3610f4a8b117d1a78f01181d022362883ea"}
}
