TN:
SF:src/app/hooks.ts
FN:11,(anonymous_0)
FNF:1
FNH:1
FNDA:14,(anonymous_0)
DA:11,14
DA:12,1
LF:2
LH:2
BRF:0
BRH:0
end_of_record
TN:
SF:src/app/store.ts
FNF:0
FNH:0
DA:8,1
LF:1
LH:1
BRF:0
BRH:0
end_of_record
TN:
SF:src/components/LoadingSpinner.tsx
FN:5,(anonymous_0)
FNF:1
FNH:1
FNDA:11,(anonymous_0)
DA:5,1
DA:6,11
LF:2
LH:2
BRF:0
BRH:0
end_of_record
TN:
SF:src/components/Product.tsx
FN:7,(anonymous_0)
FN:17,(anonymous_1)
FN:25,(anonymous_2)
FN:26,(anonymous_3)
FNF:4
FNH:3
FNDA:64,(anonymous_0)
FNDA:64,(anonymous_1)
FNDA:64,(anonymous_2)
FNDA:0,(anonymous_3)
DA:7,2
DA:14,64
DA:17,64
DA:18,64
DA:25,64
DA:26,64
DA:29,64
LF:7
LH:7
BRDA:26,0,0,64
BRDA:26,0,1,64
BRF:2
BRH:2
end_of_record
TN:
SF:src/features/productReducer.ts
FN:25,(anonymous_0)
FN:34,(anonymous_1)
FNF:2
FNH:2
FNDA:4,(anonymous_0)
FNDA:7,(anonymous_1)
DA:17,1
DA:21,1
DA:26,4
DA:27,4
DA:33,1
DA:34,1
DA:35,7
LF:7
LH:7
BRF:0
BRH:0
end_of_record
TN:
SF:src/hooks/useGetCart.ts
FN:173,useGetCart
FN:188,(anonymous_1)
FN:189,(anonymous_2)
FNF:3
FNH:2
FNDA:64,useGetCart
FNDA:64,(anonymous_1)
FNDA:0,(anonymous_2)
DA:3,2
DA:174,64
DA:188,64
DA:189,64
DA:190,0
DA:197,64
LF:6
LH:5
BRF:0
BRH:0
end_of_record
TN:
SF:src/hooks/useGetProducts.ts
FN:7234,useGetProducts
FN:7249,(anonymous_1)
FN:7250,(anonymous_2)
FNF:3
FNH:3
FNDA:15,useGetProducts
FNDA:3,(anonymous_1)
FNDA:3,(anonymous_2)
DA:3,1
DA:7235,15
DA:7249,14
DA:7250,3
DA:7251,3
DA:7258,14
LF:6
LH:6
BRF:0
BRH:0
end_of_record
TN:
SF:src/pages/index.tsx
FN:13,(anonymous_0)
FN:21,(anonymous_1)
FN:25,(anonymous_2)
FN:31,(anonymous_3)
FN:33,(anonymous_4)
FN:44,(anonymous_5)
FN:49,(anonymous_6)
FN:73,(anonymous_7)
FN:82,(anonymous_8)
FNF:9
FNH:8
FNDA:15,(anonymous_0)
FNDA:4,(anonymous_1)
FNDA:7,(anonymous_2)
FNDA:4,(anonymous_3)
FNDA:60,(anonymous_4)
FNDA:2,(anonymous_5)
FNDA:0,(anonymous_6)
FNDA:2,(anonymous_7)
FNDA:60,(anonymous_8)
DA:13,1
DA:14,15
DA:15,14
DA:16,14
DA:17,14
DA:18,14
DA:19,14
DA:21,14
DA:22,4
DA:25,14
DA:26,7
DA:27,7
DA:31,14
DA:33,60
DA:40,4
DA:44,14
DA:45,2
DA:46,0
DA:47,0
DA:49,2
DA:50,0
DA:52,2
DA:55,14
DA:73,2
DA:83,60
LF:25
LH:22
BRDA:33,0,0,4
BRDA:33,0,1,3
BRDA:45,1,0,0
BRDA:45,1,1,2
BRDA:79,2,0,11
BRDA:79,2,1,3
BRF:6
BRH:5
end_of_record
